<?xml version="1.0" encoding="UTF-8"?>
<testng-results skipped="0" failed="0" ignored="0" total="1" passed="1">
  <reporter-output>
  </reporter-output>
  <suite name="Suite" duration-ms="22227" started-at="2020-07-10T01:31:18Z" finished-at="2020-07-10T01:31:40Z">
    <groups>
      <group name="regression">
        <method signature="TC_003.amazon()[pri:0, instance:com.project.MavenSeleniumBuild_6_30AMBatch456.TC_003@3e3047e6]" name="amazon" class="com.project.MavenSeleniumBuild_6_30AMBatch456.TC_003"/>
      </group> <!-- regression -->
      <group name="sanity">
        <method signature="TC_003.amazon()[pri:0, instance:com.project.MavenSeleniumBuild_6_30AMBatch456.TC_003@3e3047e6]" name="amazon" class="com.project.MavenSeleniumBuild_6_30AMBatch456.TC_003"/>
      </group> <!-- sanity -->
    </groups>
    <test name="Test" duration-ms="22227" started-at="2020-07-10T01:31:18Z" finished-at="2020-07-10T01:31:40Z">
      <class name="com.project.MavenSeleniumBuild_6_30AMBatch456.TC_003">
        <test-method status="PASS" signature="beforeMethod(java.lang.String)[pri:0, instance:com.project.MavenSeleniumBuild_6_30AMBatch456.TC_003@3e3047e6]" name="beforeMethod" is-config="true" duration-ms="11947" started-at="2020-07-10T01:31:18Z" finished-at="2020-07-10T01:31:30Z">
          <params>
            <param index="0">
              <value>
                <![CDATA[chrome]]>
              </value>
            </param>
          </params>
          <reporter-output>
          </reporter-output>
        </test-method> <!-- beforeMethod -->
        <test-method status="PASS" signature="amazon()[pri:0, instance:com.project.MavenSeleniumBuild_6_30AMBatch456.TC_003@3e3047e6]" name="amazon" duration-ms="8503" started-at="2020-07-10T01:31:30Z" finished-at="2020-07-10T01:31:38Z">
          <reporter-output>
          </reporter-output>
        </test-method> <!-- amazon -->
        <test-method status="PASS" signature="afterMethod()[pri:0, instance:com.project.MavenSeleniumBuild_6_30AMBatch456.TC_003@3e3047e6]" name="afterMethod" is-config="true" duration-ms="1721" started-at="2020-07-10T01:31:38Z" finished-at="2020-07-10T01:31:40Z">
          <reporter-output>
          </reporter-output>
        </test-method> <!-- afterMethod -->
      </class> <!-- com.project.MavenSeleniumBuild_6_30AMBatch456.TC_003 -->
    </test> <!-- Test -->
  </suite> <!-- Suite -->
</testng-results>
